Build started 5/12/2019 11:50:33 AM.
     1>Project "C:\Users\Abdullah Ch\Documents\Visual Studio 2013\Projects\ConsoleApplication197\ConsoleApplication197\ConsoleApplication197.vcxproj" on node 2 (Build target(s)).
     1>ClCompile:
         C:\Program Files (x86)\Microsoft Visual Studio 12.0\VC\bin\CL.exe /c /ZI /nologo /W3 /WX- /sdl /Od /Oy- /D WIN32 /D _DEBUG /D _CONSOLE /D _LIB /D _UNICODE /D UNICODE /Gm /EHsc /RTC1 /MDd /GS /fp:precise /Zc:wchar_t /Zc:forScope /Yu"stdafx.h" /Fp"Debug\ConsoleApplication197.pch" /Fo"Debug\\" /Fd"Debug\vc120.pdb" /Gd /TP /analyze- /errorReport:prompt Accounts.cpp CheckingAccount.cpp Driver.cpp SavingAccounts.cpp
         SavingAccounts.cpp
         CheckingAccount.cpp
         Accounts.cpp
         Generating Code...
         Compiling...
         Driver.cpp
         Generating Code...
       Link:
         C:\Program Files (x86)\Microsoft Visual Studio 12.0\VC\bin\link.exe /ERRORREPORT:PROMPT /OUT:"C:\Users\Abdullah Ch\Documents\Visual Studio 2013\Projects\ConsoleApplication197\Debug\ConsoleApplication197.exe" /INCREMENTAL /NOLOGO kernel32.lib user32.lib gdi32.lib winspool.lib comdlg32.lib advapi32.lib shell32.lib ole32.lib oleaut32.lib uuid.lib odbc32.lib odbccp32.lib /MANIFEST /MANIFESTUAC:"level='asInvoker' uiAccess='false'" /manifest:embed /DEBUG /PDB:"C:\Users\Abdullah Ch\Documents\Visual Studio 2013\Projects\ConsoleApplication197\Debug\ConsoleApplication197.pdb" /SUBSYSTEM:CONSOLE /TLBID:1 /DYNAMICBASE /NXCOMPAT /IMPLIB:"C:\Users\Abdullah Ch\Documents\Visual Studio 2013\Projects\ConsoleApplication197\Debug\ConsoleApplication197.lib" /MACHINE:X86 Debug\Accounts.obj
         Debug\CheckingAccount.obj
         Debug\Driver.obj
         Debug\SavingAccounts.obj
         Debug\stdafx.obj
         ConsoleApplication197.vcxproj -> C:\Users\Abdullah Ch\Documents\Visual Studio 2013\Projects\ConsoleApplication197\Debug\ConsoleApplication197.exe
     1>Done Building Project "C:\Users\Abdullah Ch\Documents\Visual Studio 2013\Projects\ConsoleApplication197\ConsoleApplication197\ConsoleApplication197.vcxproj" (Build target(s)).

Build succeeded.

Time Elapsed 00:00:01.99
